

*******************************************************************************
Wed Feb 24 10:36:38 2021


FIT:    data read from 'statisticsR3.dat' using 1:2
        format = x:z
        x range restricted to [-0.250000 : 7.50000]
        #datapoints = 30
        residuals are weighted equally (unit weight)

function used for fitting: f(x)
	f(x) = a*exp(b*x)
fitted parameters initialized with current variable values

iter      chisq       delta/lim  lambda   a             b            
   0 5.0389963954e+06   0.00e+00  2.02e+03    1.000000e+00   1.000000e+00
  12 1.2357833335e-05  -8.26e-03  2.02e-06    1.232120e-01  -3.479502e-01

After 12 iterations the fit converged.
final sum of squares of residuals : 1.23578e-05
rel. change during last iteration : -8.25758e-08

degrees of freedom    (FIT_NDF)                        : 28
rms of residuals      (FIT_STDFIT) = sqrt(WSSR/ndf)    : 0.000664343
variance of residuals (reduced chisquare) = WSSR/ndf   : 4.41351e-07

Final set of parameters            Asymptotic Standard Error
=======================            ==========================
a               = 0.123212         +/- 0.0003696    (0.3%)
b               = -0.34795         +/- 0.001634     (0.4695%)

correlation matrix of the fit parameters:
                a      b      
a               1.000 
b              -0.694  1.000 


*******************************************************************************
Wed Feb 24 10:37:32 2021


FIT:    data read from 'statisticsR3.dat' using 1:2
        format = x:z
        x range restricted to [-0.250000 : 7.50000]
        #datapoints = 30
        residuals are weighted equally (unit weight)

function used for fitting: f(x)
	f(x) = a*exp(b*x)
fitted parameters initialized with current variable values

iter      chisq       delta/lim  lambda   a             b            
   0 5.0389963954e+06   0.00e+00  2.02e+03    1.000000e+00   1.000000e+00
  12 1.2357833335e-05  -8.26e-03  2.02e-06    1.232120e-01  -3.479502e-01

After 12 iterations the fit converged.
final sum of squares of residuals : 1.23578e-05
rel. change during last iteration : -8.25758e-08

degrees of freedom    (FIT_NDF)                        : 28
rms of residuals      (FIT_STDFIT) = sqrt(WSSR/ndf)    : 0.000664343
variance of residuals (reduced chisquare) = WSSR/ndf   : 4.41351e-07

Final set of parameters            Asymptotic Standard Error
=======================            ==========================
a               = 0.123212         +/- 0.0003696    (0.3%)
b               = -0.34795         +/- 0.001634     (0.4695%)

correlation matrix of the fit parameters:
                a      b      
a               1.000 
b              -0.694  1.000 


*******************************************************************************
Wed Feb 24 10:38:00 2021


FIT:    data read from 'statisticsR3.dat' using 1:2
        format = x:z
        x range restricted to [-0.250000 : 7.50000]
        #datapoints = 30
        residuals are weighted equally (unit weight)

function used for fitting: f(x)
	f(x) = a*exp(b*x)
fitted parameters initialized with current variable values

iter      chisq       delta/lim  lambda   a             b            
   0 5.0389963954e+06   0.00e+00  2.02e+03    1.000000e+00   1.000000e+00
  12 1.2357833335e-05  -8.26e-03  2.02e-06    1.232120e-01  -3.479502e-01

After 12 iterations the fit converged.
final sum of squares of residuals : 1.23578e-05
rel. change during last iteration : -8.25758e-08

degrees of freedom    (FIT_NDF)                        : 28
rms of residuals      (FIT_STDFIT) = sqrt(WSSR/ndf)    : 0.000664343
variance of residuals (reduced chisquare) = WSSR/ndf   : 4.41351e-07

Final set of parameters            Asymptotic Standard Error
=======================            ==========================
a               = 0.123212         +/- 0.0003696    (0.3%)
b               = -0.34795         +/- 0.001634     (0.4695%)

correlation matrix of the fit parameters:
                a      b      
a               1.000 
b              -0.694  1.000 


*******************************************************************************
Wed Feb 24 10:38:28 2021


FIT:    data read from 'statisticsR3.dat' using 1:2
        format = x:z
        x range restricted to [-0.250000 : 7.50000]
        #datapoints = 30
        residuals are weighted equally (unit weight)

function used for fitting: f(x)
	f(x) = a*exp(b*x)
fitted parameters initialized with current variable values

iter      chisq       delta/lim  lambda   a             b            
   0 5.0389963954e+06   0.00e+00  2.02e+03    1.000000e+00   1.000000e+00
  12 1.2357833335e-05  -8.26e-03  2.02e-06    1.232120e-01  -3.479502e-01

After 12 iterations the fit converged.
final sum of squares of residuals : 1.23578e-05
rel. change during last iteration : -8.25758e-08

degrees of freedom    (FIT_NDF)                        : 28
rms of residuals      (FIT_STDFIT) = sqrt(WSSR/ndf)    : 0.000664343
variance of residuals (reduced chisquare) = WSSR/ndf   : 4.41351e-07

Final set of parameters            Asymptotic Standard Error
=======================            ==========================
a               = 0.123212         +/- 0.0003696    (0.3%)
b               = -0.34795         +/- 0.001634     (0.4695%)

correlation matrix of the fit parameters:
                a      b      
a               1.000 
b              -0.694  1.000 


*******************************************************************************
Wed Feb 24 10:38:53 2021


FIT:    data read from 'statisticsR3.dat' using 1:2
        format = x:z
        x range restricted to [-0.250000 : 7.50000]
        #datapoints = 30
        residuals are weighted equally (unit weight)

function used for fitting: f(x)
	f(x) = a*exp(b*x)
fitted parameters initialized with current variable values

iter      chisq       delta/lim  lambda   a             b            
   0 5.0389963954e+06   0.00e+00  2.02e+03    1.000000e+00   1.000000e+00
  12 1.2357833335e-05  -8.26e-03  2.02e-06    1.232120e-01  -3.479502e-01

After 12 iterations the fit converged.
final sum of squares of residuals : 1.23578e-05
rel. change during last iteration : -8.25758e-08

degrees of freedom    (FIT_NDF)                        : 28
rms of residuals      (FIT_STDFIT) = sqrt(WSSR/ndf)    : 0.000664343
variance of residuals (reduced chisquare) = WSSR/ndf   : 4.41351e-07

Final set of parameters            Asymptotic Standard Error
=======================            ==========================
a               = 0.123212         +/- 0.0003696    (0.3%)
b               = -0.34795         +/- 0.001634     (0.4695%)

correlation matrix of the fit parameters:
                a      b      
a               1.000 
b              -0.694  1.000 


*******************************************************************************
Wed Feb 24 10:39:16 2021


FIT:    data read from 'statisticsR3.dat' using 1:2
        format = x:z
        x range restricted to [-0.250000 : 7.50000]
        #datapoints = 30
        residuals are weighted equally (unit weight)

function used for fitting: f(x)
	f(x) = a*exp(b*x)
fitted parameters initialized with current variable values

iter      chisq       delta/lim  lambda   a             b            
   0 5.0389963954e+06   0.00e+00  2.02e+03    1.000000e+00   1.000000e+00
  12 1.2357833335e-05  -8.26e-03  2.02e-06    1.232120e-01  -3.479502e-01

After 12 iterations the fit converged.
final sum of squares of residuals : 1.23578e-05
rel. change during last iteration : -8.25758e-08

degrees of freedom    (FIT_NDF)                        : 28
rms of residuals      (FIT_STDFIT) = sqrt(WSSR/ndf)    : 0.000664343
variance of residuals (reduced chisquare) = WSSR/ndf   : 4.41351e-07

Final set of parameters            Asymptotic Standard Error
=======================            ==========================
a               = 0.123212         +/- 0.0003696    (0.3%)
b               = -0.34795         +/- 0.001634     (0.4695%)

correlation matrix of the fit parameters:
                a      b      
a               1.000 
b              -0.694  1.000 


*******************************************************************************
Wed Feb 24 10:39:48 2021


FIT:    data read from 'statisticsR3.dat' using 1:2
        format = x:z
        x range restricted to [-0.250000 : 7.50000]
        #datapoints = 30
        residuals are weighted equally (unit weight)

function used for fitting: f(x)
	f(x) = a*exp(b*x)
fitted parameters initialized with current variable values

iter      chisq       delta/lim  lambda   a             b            
   0 5.0389963954e+06   0.00e+00  2.02e+03    1.000000e+00   1.000000e+00
  12 1.2357833335e-05  -8.26e-03  2.02e-06    1.232120e-01  -3.479502e-01

After 12 iterations the fit converged.
final sum of squares of residuals : 1.23578e-05
rel. change during last iteration : -8.25758e-08

degrees of freedom    (FIT_NDF)                        : 28
rms of residuals      (FIT_STDFIT) = sqrt(WSSR/ndf)    : 0.000664343
variance of residuals (reduced chisquare) = WSSR/ndf   : 4.41351e-07

Final set of parameters            Asymptotic Standard Error
=======================            ==========================
a               = 0.123212         +/- 0.0003696    (0.3%)
b               = -0.34795         +/- 0.001634     (0.4695%)

correlation matrix of the fit parameters:
                a      b      
a               1.000 
b              -0.694  1.000 


*******************************************************************************
Wed Feb 24 10:40:28 2021


FIT:    data read from 'statisticsR3.dat' using 1:2
        format = x:z
        x range restricted to [-0.250000 : 7.50000]
        #datapoints = 30
        residuals are weighted equally (unit weight)

function used for fitting: f(x)
	f(x) = a*exp(b*x)
fitted parameters initialized with current variable values

iter      chisq       delta/lim  lambda   a             b            
   0 5.0389963954e+06   0.00e+00  2.02e+03    1.000000e+00   1.000000e+00
  12 1.2357833335e-05  -8.26e-03  2.02e-06    1.232120e-01  -3.479502e-01

After 12 iterations the fit converged.
final sum of squares of residuals : 1.23578e-05
rel. change during last iteration : -8.25758e-08

degrees of freedom    (FIT_NDF)                        : 28
rms of residuals      (FIT_STDFIT) = sqrt(WSSR/ndf)    : 0.000664343
variance of residuals (reduced chisquare) = WSSR/ndf   : 4.41351e-07

Final set of parameters            Asymptotic Standard Error
=======================            ==========================
a               = 0.123212         +/- 0.0003696    (0.3%)
b               = -0.34795         +/- 0.001634     (0.4695%)

correlation matrix of the fit parameters:
                a      b      
a               1.000 
b              -0.694  1.000 


*******************************************************************************
Wed Feb 24 10:41:14 2021


FIT:    data read from 'statisticsR3.dat' using 1:2
        format = x:z
        x range restricted to [-0.250000 : 7.50000]
        #datapoints = 30
        residuals are weighted equally (unit weight)

function used for fitting: f(x)
	f(x) = a*exp(b*x)
fitted parameters initialized with current variable values

iter      chisq       delta/lim  lambda   a             b            
   0 5.0389963954e+06   0.00e+00  2.02e+03    1.000000e+00   1.000000e+00
  12 1.2357833335e-05  -8.26e-03  2.02e-06    1.232120e-01  -3.479502e-01

After 12 iterations the fit converged.
final sum of squares of residuals : 1.23578e-05
rel. change during last iteration : -8.25758e-08

degrees of freedom    (FIT_NDF)                        : 28
rms of residuals      (FIT_STDFIT) = sqrt(WSSR/ndf)    : 0.000664343
variance of residuals (reduced chisquare) = WSSR/ndf   : 4.41351e-07

Final set of parameters            Asymptotic Standard Error
=======================            ==========================
a               = 0.123212         +/- 0.0003696    (0.3%)
b               = -0.34795         +/- 0.001634     (0.4695%)

correlation matrix of the fit parameters:
                a      b      
a               1.000 
b              -0.694  1.000 


*******************************************************************************
Wed Feb 24 10:41:45 2021


FIT:    data read from 'statisticsR3.dat' using 1:2
        format = x:z
        x range restricted to [-0.250000 : 7.50000]
        #datapoints = 30
        residuals are weighted equally (unit weight)

function used for fitting: f(x)
	f(x) = a*exp(b*x)
fitted parameters initialized with current variable values

iter      chisq       delta/lim  lambda   a             b            
   0 5.0389963954e+06   0.00e+00  2.02e+03    1.000000e+00   1.000000e+00
  12 1.2357833335e-05  -8.26e-03  2.02e-06    1.232120e-01  -3.479502e-01

After 12 iterations the fit converged.
final sum of squares of residuals : 1.23578e-05
rel. change during last iteration : -8.25758e-08

degrees of freedom    (FIT_NDF)                        : 28
rms of residuals      (FIT_STDFIT) = sqrt(WSSR/ndf)    : 0.000664343
variance of residuals (reduced chisquare) = WSSR/ndf   : 4.41351e-07

Final set of parameters            Asymptotic Standard Error
=======================            ==========================
a               = 0.123212         +/- 0.0003696    (0.3%)
b               = -0.34795         +/- 0.001634     (0.4695%)

correlation matrix of the fit parameters:
                a      b      
a               1.000 
b              -0.694  1.000 


*******************************************************************************
Wed Feb 24 10:41:57 2021


FIT:    data read from 'statisticsR3.dat' using 1:2
        format = x:z
        x range restricted to [-0.250000 : 7.50000]
        #datapoints = 30
        residuals are weighted equally (unit weight)

function used for fitting: f(x)
	f(x) = a*exp(b*x)
fitted parameters initialized with current variable values

iter      chisq       delta/lim  lambda   a             b            
   0 5.0389963954e+06   0.00e+00  2.02e+03    1.000000e+00   1.000000e+00
  12 1.2357833335e-05  -8.26e-03  2.02e-06    1.232120e-01  -3.479502e-01

After 12 iterations the fit converged.
final sum of squares of residuals : 1.23578e-05
rel. change during last iteration : -8.25758e-08

degrees of freedom    (FIT_NDF)                        : 28
rms of residuals      (FIT_STDFIT) = sqrt(WSSR/ndf)    : 0.000664343
variance of residuals (reduced chisquare) = WSSR/ndf   : 4.41351e-07

Final set of parameters            Asymptotic Standard Error
=======================            ==========================
a               = 0.123212         +/- 0.0003696    (0.3%)
b               = -0.34795         +/- 0.001634     (0.4695%)

correlation matrix of the fit parameters:
                a      b      
a               1.000 
b              -0.694  1.000 


*******************************************************************************
Wed Feb 24 10:42:15 2021


FIT:    data read from 'statisticsR3.dat' using 1:2
        format = x:z
        x range restricted to [-0.250000 : 7.50000]
        #datapoints = 30
        residuals are weighted equally (unit weight)

function used for fitting: f(x)
	f(x) = a*exp(b*x)
fitted parameters initialized with current variable values

iter      chisq       delta/lim  lambda   a             b            
   0 5.0389963954e+06   0.00e+00  2.02e+03    1.000000e+00   1.000000e+00
  12 1.2357833335e-05  -8.26e-03  2.02e-06    1.232120e-01  -3.479502e-01

After 12 iterations the fit converged.
final sum of squares of residuals : 1.23578e-05
rel. change during last iteration : -8.25758e-08

degrees of freedom    (FIT_NDF)                        : 28
rms of residuals      (FIT_STDFIT) = sqrt(WSSR/ndf)    : 0.000664343
variance of residuals (reduced chisquare) = WSSR/ndf   : 4.41351e-07

Final set of parameters            Asymptotic Standard Error
=======================            ==========================
a               = 0.123212         +/- 0.0003696    (0.3%)
b               = -0.34795         +/- 0.001634     (0.4695%)

correlation matrix of the fit parameters:
                a      b      
a               1.000 
b              -0.694  1.000 


*******************************************************************************
Wed Feb 24 10:42:42 2021


FIT:    data read from 'statisticsR3.dat' using 1:2
        format = x:z
        x range restricted to [-0.250000 : 7.50000]
        #datapoints = 30
        residuals are weighted equally (unit weight)

function used for fitting: f(x)
	f(x) = a*exp(b*x)
fitted parameters initialized with current variable values

iter      chisq       delta/lim  lambda   a             b            
   0 5.0389963954e+06   0.00e+00  2.02e+03    1.000000e+00   1.000000e+00
  12 1.2357833335e-05  -8.26e-03  2.02e-06    1.232120e-01  -3.479502e-01

After 12 iterations the fit converged.
final sum of squares of residuals : 1.23578e-05
rel. change during last iteration : -8.25758e-08

degrees of freedom    (FIT_NDF)                        : 28
rms of residuals      (FIT_STDFIT) = sqrt(WSSR/ndf)    : 0.000664343
variance of residuals (reduced chisquare) = WSSR/ndf   : 4.41351e-07

Final set of parameters            Asymptotic Standard Error
=======================            ==========================
a               = 0.123212         +/- 0.0003696    (0.3%)
b               = -0.34795         +/- 0.001634     (0.4695%)

correlation matrix of the fit parameters:
                a      b      
a               1.000 
b              -0.694  1.000 


*******************************************************************************
Wed Feb 24 10:43:04 2021


FIT:    data read from 'statisticsR3.dat' using 1:2
        format = x:z
        x range restricted to [-0.250000 : 7.50000]
        #datapoints = 30
        residuals are weighted equally (unit weight)

function used for fitting: f(x)
	f(x) = a*exp(b*x)
fitted parameters initialized with current variable values

iter      chisq       delta/lim  lambda   a             b            
   0 5.0389963954e+06   0.00e+00  2.02e+03    1.000000e+00   1.000000e+00
  12 1.2357833335e-05  -8.26e-03  2.02e-06    1.232120e-01  -3.479502e-01

After 12 iterations the fit converged.
final sum of squares of residuals : 1.23578e-05
rel. change during last iteration : -8.25758e-08

degrees of freedom    (FIT_NDF)                        : 28
rms of residuals      (FIT_STDFIT) = sqrt(WSSR/ndf)    : 0.000664343
variance of residuals (reduced chisquare) = WSSR/ndf   : 4.41351e-07

Final set of parameters            Asymptotic Standard Error
=======================            ==========================
a               = 0.123212         +/- 0.0003696    (0.3%)
b               = -0.34795         +/- 0.001634     (0.4695%)

correlation matrix of the fit parameters:
                a      b      
a               1.000 
b              -0.694  1.000 


*******************************************************************************
Wed Feb 24 10:43:30 2021


FIT:    data read from 'statisticsR3.dat' using 1:2
        format = x:z
        x range restricted to [-0.250000 : 7.50000]
        #datapoints = 30
        residuals are weighted equally (unit weight)

function used for fitting: f(x)
	f(x) = a*exp(b*x)
fitted parameters initialized with current variable values

iter      chisq       delta/lim  lambda   a             b            
   0 5.0389963954e+06   0.00e+00  2.02e+03    1.000000e+00   1.000000e+00
  12 1.2357833335e-05  -8.26e-03  2.02e-06    1.232120e-01  -3.479502e-01

After 12 iterations the fit converged.
final sum of squares of residuals : 1.23578e-05
rel. change during last iteration : -8.25758e-08

degrees of freedom    (FIT_NDF)                        : 28
rms of residuals      (FIT_STDFIT) = sqrt(WSSR/ndf)    : 0.000664343
variance of residuals (reduced chisquare) = WSSR/ndf   : 4.41351e-07

Final set of parameters            Asymptotic Standard Error
=======================            ==========================
a               = 0.123212         +/- 0.0003696    (0.3%)
b               = -0.34795         +/- 0.001634     (0.4695%)

correlation matrix of the fit parameters:
                a      b      
a               1.000 
b              -0.694  1.000 


*******************************************************************************
Wed Feb 24 10:44:28 2021


FIT:    data read from 'statisticsR3.dat' using 1:2
        format = x:z
        x range restricted to [-0.250000 : 7.50000]
        #datapoints = 30
        residuals are weighted equally (unit weight)

function used for fitting: f(x)
	f(x) = a*exp(b*x)
fitted parameters initialized with current variable values

iter      chisq       delta/lim  lambda   a             b            
   0 5.0389963954e+06   0.00e+00  2.02e+03    1.000000e+00   1.000000e+00
  12 1.2357833335e-05  -8.26e-03  2.02e-06    1.232120e-01  -3.479502e-01

After 12 iterations the fit converged.
final sum of squares of residuals : 1.23578e-05
rel. change during last iteration : -8.25758e-08

degrees of freedom    (FIT_NDF)                        : 28
rms of residuals      (FIT_STDFIT) = sqrt(WSSR/ndf)    : 0.000664343
variance of residuals (reduced chisquare) = WSSR/ndf   : 4.41351e-07

Final set of parameters            Asymptotic Standard Error
=======================            ==========================
a               = 0.123212         +/- 0.0003696    (0.3%)
b               = -0.34795         +/- 0.001634     (0.4695%)

correlation matrix of the fit parameters:
                a      b      
a               1.000 
b              -0.694  1.000 


*******************************************************************************
Wed Feb 24 10:44:54 2021


FIT:    data read from 'statisticsR3.dat' using 1:2
        format = x:z
        x range restricted to [-0.250000 : 7.50000]
        #datapoints = 30
        residuals are weighted equally (unit weight)

function used for fitting: f(x)
	f(x) = a*exp(b*x)
fitted parameters initialized with current variable values

iter      chisq       delta/lim  lambda   a             b            
   0 5.0389963954e+06   0.00e+00  2.02e+03    1.000000e+00   1.000000e+00
  12 1.2357833335e-05  -8.26e-03  2.02e-06    1.232120e-01  -3.479502e-01

After 12 iterations the fit converged.
final sum of squares of residuals : 1.23578e-05
rel. change during last iteration : -8.25758e-08

degrees of freedom    (FIT_NDF)                        : 28
rms of residuals      (FIT_STDFIT) = sqrt(WSSR/ndf)    : 0.000664343
variance of residuals (reduced chisquare) = WSSR/ndf   : 4.41351e-07

Final set of parameters            Asymptotic Standard Error
=======================            ==========================
a               = 0.123212         +/- 0.0003696    (0.3%)
b               = -0.34795         +/- 0.001634     (0.4695%)

correlation matrix of the fit parameters:
                a      b      
a               1.000 
b              -0.694  1.000 


*******************************************************************************
Wed Feb 24 10:45:11 2021


FIT:    data read from 'statisticsR3.dat' using 1:2
        format = x:z
        x range restricted to [-0.250000 : 7.50000]
        #datapoints = 30
        residuals are weighted equally (unit weight)

function used for fitting: f(x)
	f(x) = a*exp(b*x)
fitted parameters initialized with current variable values

iter      chisq       delta/lim  lambda   a             b            
   0 5.0389963954e+06   0.00e+00  2.02e+03    1.000000e+00   1.000000e+00
  12 1.2357833335e-05  -8.26e-03  2.02e-06    1.232120e-01  -3.479502e-01

After 12 iterations the fit converged.
final sum of squares of residuals : 1.23578e-05
rel. change during last iteration : -8.25758e-08

degrees of freedom    (FIT_NDF)                        : 28
rms of residuals      (FIT_STDFIT) = sqrt(WSSR/ndf)    : 0.000664343
variance of residuals (reduced chisquare) = WSSR/ndf   : 4.41351e-07

Final set of parameters            Asymptotic Standard Error
=======================            ==========================
a               = 0.123212         +/- 0.0003696    (0.3%)
b               = -0.34795         +/- 0.001634     (0.4695%)

correlation matrix of the fit parameters:
                a      b      
a               1.000 
b              -0.694  1.000 


*******************************************************************************
Wed Feb 24 10:45:42 2021


FIT:    data read from 'statisticsR3.dat' using 1:2
        format = x:z
        x range restricted to [-0.250000 : 7.50000]
        #datapoints = 30
        residuals are weighted equally (unit weight)

function used for fitting: f(x)
	f(x) = a*exp(b*x)
fitted parameters initialized with current variable values

iter      chisq       delta/lim  lambda   a             b            
   0 5.0389963954e+06   0.00e+00  2.02e+03    1.000000e+00   1.000000e+00
  12 1.2357833335e-05  -8.26e-03  2.02e-06    1.232120e-01  -3.479502e-01

After 12 iterations the fit converged.
final sum of squares of residuals : 1.23578e-05
rel. change during last iteration : -8.25758e-08

degrees of freedom    (FIT_NDF)                        : 28
rms of residuals      (FIT_STDFIT) = sqrt(WSSR/ndf)    : 0.000664343
variance of residuals (reduced chisquare) = WSSR/ndf   : 4.41351e-07

Final set of parameters            Asymptotic Standard Error
=======================            ==========================
a               = 0.123212         +/- 0.0003696    (0.3%)
b               = -0.34795         +/- 0.001634     (0.4695%)

correlation matrix of the fit parameters:
                a      b      
a               1.000 
b              -0.694  1.000 


*******************************************************************************
Wed Feb 24 10:46:18 2021


FIT:    data read from 'statisticsR3.dat' using 1:2
        format = x:z
        x range restricted to [-0.250000 : 7.50000]
        #datapoints = 30
        residuals are weighted equally (unit weight)

function used for fitting: f(x)
	f(x) = a*exp(b*x)
fitted parameters initialized with current variable values

iter      chisq       delta/lim  lambda   a             b            
   0 5.0389963954e+06   0.00e+00  2.02e+03    1.000000e+00   1.000000e+00
  12 1.2357833335e-05  -8.26e-03  2.02e-06    1.232120e-01  -3.479502e-01

After 12 iterations the fit converged.
final sum of squares of residuals : 1.23578e-05
rel. change during last iteration : -8.25758e-08

degrees of freedom    (FIT_NDF)                        : 28
rms of residuals      (FIT_STDFIT) = sqrt(WSSR/ndf)    : 0.000664343
variance of residuals (reduced chisquare) = WSSR/ndf   : 4.41351e-07

Final set of parameters            Asymptotic Standard Error
=======================            ==========================
a               = 0.123212         +/- 0.0003696    (0.3%)
b               = -0.34795         +/- 0.001634     (0.4695%)

correlation matrix of the fit parameters:
                a      b      
a               1.000 
b              -0.694  1.000 


*******************************************************************************
Wed Feb 24 10:46:30 2021


FIT:    data read from 'statisticsR3.dat' using 1:2
        format = x:z
        x range restricted to [-0.250000 : 7.50000]
        #datapoints = 30
        residuals are weighted equally (unit weight)

function used for fitting: f(x)
	f(x) = a*exp(b*x)
fitted parameters initialized with current variable values

iter      chisq       delta/lim  lambda   a             b            
   0 5.0389963954e+06   0.00e+00  2.02e+03    1.000000e+00   1.000000e+00
  12 1.2357833335e-05  -8.26e-03  2.02e-06    1.232120e-01  -3.479502e-01

After 12 iterations the fit converged.
final sum of squares of residuals : 1.23578e-05
rel. change during last iteration : -8.25758e-08

degrees of freedom    (FIT_NDF)                        : 28
rms of residuals      (FIT_STDFIT) = sqrt(WSSR/ndf)    : 0.000664343
variance of residuals (reduced chisquare) = WSSR/ndf   : 4.41351e-07

Final set of parameters            Asymptotic Standard Error
=======================            ==========================
a               = 0.123212         +/- 0.0003696    (0.3%)
b               = -0.34795         +/- 0.001634     (0.4695%)

correlation matrix of the fit parameters:
                a      b      
a               1.000 
b              -0.694  1.000 


*******************************************************************************
Wed Feb 24 10:47:15 2021


FIT:    data read from 'statisticsR3.dat' using 1:2
        format = x:z
        x range restricted to [0.00000 : 7.25000]
        #datapoints = 30
        residuals are weighted equally (unit weight)

function used for fitting: f(x)
	f(x) = a*exp(b*x)
fitted parameters initialized with current variable values

iter      chisq       delta/lim  lambda   a             b            
   0 5.0389963954e+06   0.00e+00  2.02e+03    1.000000e+00   1.000000e+00
  12 1.2357833335e-05  -8.26e-03  2.02e-06    1.232120e-01  -3.479502e-01

After 12 iterations the fit converged.
final sum of squares of residuals : 1.23578e-05
rel. change during last iteration : -8.25758e-08

degrees of freedom    (FIT_NDF)                        : 28
rms of residuals      (FIT_STDFIT) = sqrt(WSSR/ndf)    : 0.000664343
variance of residuals (reduced chisquare) = WSSR/ndf   : 4.41351e-07

Final set of parameters            Asymptotic Standard Error
=======================            ==========================
a               = 0.123212         +/- 0.0003696    (0.3%)
b               = -0.34795         +/- 0.001634     (0.4695%)

correlation matrix of the fit parameters:
                a      b      
a               1.000 
b              -0.694  1.000 


*******************************************************************************
Wed Feb 24 10:48:00 2021


FIT:    data read from 'statisticsR3.dat' using 1:2
        format = x:z
        x range restricted to [0.00000 : 7.25000]
        #datapoints = 30
        residuals are weighted equally (unit weight)

function used for fitting: f(x)
	f(x) = a*exp(b*x)
fitted parameters initialized with current variable values

iter      chisq       delta/lim  lambda   a             b            
   0 5.0389963954e+06   0.00e+00  2.02e+03    1.000000e+00   1.000000e+00
  12 1.2357833335e-05  -8.26e-03  2.02e-06    1.232120e-01  -3.479502e-01

After 12 iterations the fit converged.
final sum of squares of residuals : 1.23578e-05
rel. change during last iteration : -8.25758e-08

degrees of freedom    (FIT_NDF)                        : 28
rms of residuals      (FIT_STDFIT) = sqrt(WSSR/ndf)    : 0.000664343
variance of residuals (reduced chisquare) = WSSR/ndf   : 4.41351e-07

Final set of parameters            Asymptotic Standard Error
=======================            ==========================
a               = 0.123212         +/- 0.0003696    (0.3%)
b               = -0.34795         +/- 0.001634     (0.4695%)

correlation matrix of the fit parameters:
                a      b      
a               1.000 
b              -0.694  1.000 


*******************************************************************************
Wed Feb 24 10:53:00 2021


FIT:    data read from 'statisticsR3.dat' using 1:2
        format = x:z
        x range restricted to [0.00000 : 7.25000]
        #datapoints = 30
        residuals are weighted equally (unit weight)

function used for fitting: f(x)
	f(x) = a*exp(b*x)
fitted parameters initialized with current variable values

iter      chisq       delta/lim  lambda   a             b            
   0 5.0389963954e+06   0.00e+00  2.02e+03    1.000000e+00   1.000000e+00
  12 1.2357833335e-05  -8.26e-03  2.02e-06    1.232120e-01  -3.479502e-01

After 12 iterations the fit converged.
final sum of squares of residuals : 1.23578e-05
rel. change during last iteration : -8.25758e-08

degrees of freedom    (FIT_NDF)                        : 28
rms of residuals      (FIT_STDFIT) = sqrt(WSSR/ndf)    : 0.000664343
variance of residuals (reduced chisquare) = WSSR/ndf   : 4.41351e-07

Final set of parameters            Asymptotic Standard Error
=======================            ==========================
a               = 0.123212         +/- 0.0003696    (0.3%)
b               = -0.34795         +/- 0.001634     (0.4695%)

correlation matrix of the fit parameters:
                a      b      
a               1.000 
b              -0.694  1.000 


*******************************************************************************
Wed Feb 24 10:54:59 2021


FIT:    data read from 'statisticsR3.dat' using 1:2
        format = x:z
        x range restricted to [0.00000 : 7.25000]
        #datapoints = 30
        residuals are weighted equally (unit weight)

function used for fitting: f(x)
	f(x) = a*exp(b*x)
fitted parameters initialized with current variable values

iter      chisq       delta/lim  lambda   a             b            
   0 5.0389963954e+06   0.00e+00  2.02e+03    1.000000e+00   1.000000e+00
  12 1.2357833335e-05  -8.26e-03  2.02e-06    1.232120e-01  -3.479502e-01

After 12 iterations the fit converged.
final sum of squares of residuals : 1.23578e-05
rel. change during last iteration : -8.25758e-08

degrees of freedom    (FIT_NDF)                        : 28
rms of residuals      (FIT_STDFIT) = sqrt(WSSR/ndf)    : 0.000664343
variance of residuals (reduced chisquare) = WSSR/ndf   : 4.41351e-07

Final set of parameters            Asymptotic Standard Error
=======================            ==========================
a               = 0.123212         +/- 0.0003696    (0.3%)
b               = -0.34795         +/- 0.001634     (0.4695%)

correlation matrix of the fit parameters:
                a      b      
a               1.000 
b              -0.694  1.000 


*******************************************************************************
Wed Feb 24 10:55:12 2021


FIT:    data read from 'statisticsR3.dat' using 1:2
        format = x:z
        x range restricted to [0.00000 : 7.25000]
        #datapoints = 30
        residuals are weighted equally (unit weight)

function used for fitting: f(x)
	f(x) = a*exp(b*x)
fitted parameters initialized with current variable values

iter      chisq       delta/lim  lambda   a             b            
   0 5.0389963954e+06   0.00e+00  2.02e+03    1.000000e+00   1.000000e+00
  12 1.2357833335e-05  -8.26e-03  2.02e-06    1.232120e-01  -3.479502e-01

After 12 iterations the fit converged.
final sum of squares of residuals : 1.23578e-05
rel. change during last iteration : -8.25758e-08

degrees of freedom    (FIT_NDF)                        : 28
rms of residuals      (FIT_STDFIT) = sqrt(WSSR/ndf)    : 0.000664343
variance of residuals (reduced chisquare) = WSSR/ndf   : 4.41351e-07

Final set of parameters            Asymptotic Standard Error
=======================            ==========================
a               = 0.123212         +/- 0.0003696    (0.3%)
b               = -0.34795         +/- 0.001634     (0.4695%)

correlation matrix of the fit parameters:
                a      b      
a               1.000 
b              -0.694  1.000 
